<?xml version="1.0" encoding="UTF-8"?>
<!-- Generated by org.testng.reporters.JUnitReportReporter -->
<testsuite skipped="0" hostname="DESKTOP-9FQ5FG2" name="com.qa.test.DemoTest" tests="3" failures="0" timestamp="30 May 2020 22:07:35 GMT" time="0.033" errors="0">
  <testcase name="sum" time="0.007" classname="com.qa.test.DemoTest"/>
  <testcase name="sub" time="0.008" classname="com.qa.test.DemoTest"/>
  <testcase name="mul" time="0.018" classname="com.qa.test.DemoTest"/>
</testsuite> <!-- com.qa.test.DemoTest -->
