<?xml version="1.0" encoding="UTF-8"?>
<!-- Generated by org.testng.reporters.JUnitReportReporter -->
<testsuite skipped="0" hostname="DESKTOP-9FQ5FG2" name="com.qa.test.DeomTest1" tests="3" failures="0" timestamp="31 May 2020 10:40:51 GMT" time="0.035" errors="0">
  <testcase name="sum" time="0.000" classname="com.qa.test.DeomTest1"/>
  <testcase name="sub" time="0.009" classname="com.qa.test.DeomTest1"/>
  <testcase name="mul" time="0.026" classname="com.qa.test.DeomTest1"/>
</testsuite> <!-- com.qa.test.DeomTest1 -->
