<?xml version="1.0" encoding="UTF-8"?>
<!-- Generated by org.testng.reporters.JUnitReportReporter -->
<testsuite skipped="0" hostname="DESKTOP-9FQ5FG2" name="com.qa.test.DemoTest2" tests="3" failures="0" timestamp="31 May 2020 10:40:37 GMT" time="0.030" errors="0">
  <testcase name="sum" time="0.003" classname="com.qa.test.DemoTest2"/>
  <testcase name="sub" time="0.008" classname="com.qa.test.DemoTest2"/>
  <testcase name="mul" time="0.019" classname="com.qa.test.DemoTest2"/>
</testsuite> <!-- com.qa.test.DemoTest2 -->
